18:29:17.602 karate.env system property was:  
18:29:17.634 Your OS Is {
  "name": "Mac OS X",
  "type": "macosx"
}
 
18:29:18.059 request:
1 > GET https://reqres.in/api/users/2
1 > Accept-Encoding: gzip,deflate
1 > Connection: Keep-Alive
1 > Host: reqres.in
1 > User-Agent: Apache-HttpClient/4.5.12 (Java/1.8.0_351)

18:29:18.371 response time in milliseconds: 308.11
1 < 200
1 < Access-Control-Allow-Origin: *
1 < Age: 2400
1 < CF-Cache-Status: HIT
1 < CF-RAY: 783b6559beaa0455-HKG
1 < Cache-Control: max-age=14400
1 < Connection: keep-alive
1 < Content-Type: application/json; charset=utf-8
1 < Date: Tue, 03 Jan 2023 11:29:18 GMT
1 < Etag: W/"118-pbdwwFo9SKNhD3Lx5iHJyngpq00"
1 < NEL: {"success_fraction":0,"report_to":"cf-nel","max_age":604800}
1 < Report-To: {"endpoints":[{"url":"https:\/\/a.nel.cloudflare.com\/report\/v3?s=PLHeTEcx3JeBOP0AN1Bq4Mo2zwcq5P4I8ySseMSw1FLm8HQXeKJmrqsgAK498zLNeZ1rhLK6sRNz0%2FX8vcG6AFkcx3QlTzkLo25UvQ6acFJxon4oSBK0YKoG6g%3D%3D"}],"group":"cf-nel","max_age":604800}
1 < Server: cloudflare
1 < Transfer-Encoding: chunked
1 < Vary: Accept-Encoding
1 < Via: 1.1 vegur
1 < X-Powered-By: Express
{"data":{"id":2,"email":"janet.weaver@reqres.in","first_name":"Janet","last_name":"Weaver","avatar":"https://reqres.in/img/faces/2-image.jpg"},"support":{"url":"https://reqres.in/#support-heading","text":"To keep ReqRes free, contributions towards server costs are appreciated!"}}

18:29:18.413 karate.env system property was:  
18:29:18.415 Your OS Is {
  "name": "Mac OS X",
  "type": "macosx"
}
 
18:29:18.426 karate.env system property was:  
18:29:18.426 Your OS Is {
  "name": "Mac OS X",
  "type": "macosx"
}
 
18:29:18.429 request:
1 > GET https://reqres.in/api/users/2
1 > Accept-Encoding: gzip,deflate
1 > Connection: Keep-Alive
1 > Host: reqres.in
1 > User-Agent: Apache-HttpClient/4.5.12 (Java/1.8.0_351)

18:29:18.584 response time in milliseconds: 153.45
1 < 200
1 < Access-Control-Allow-Origin: *
1 < Age: 3840
1 < CF-Cache-Status: HIT
1 < CF-RAY: 783b655b1c4f1228-HKG
1 < Cache-Control: max-age=14400
1 < Connection: keep-alive
1 < Content-Type: application/json; charset=utf-8
1 < Date: Tue, 03 Jan 2023 11:29:18 GMT
1 < Etag: W/"118-pbdwwFo9SKNhD3Lx5iHJyngpq00"
1 < NEL: {"success_fraction":0,"report_to":"cf-nel","max_age":604800}
1 < Report-To: {"endpoints":[{"url":"https:\/\/a.nel.cloudflare.com\/report\/v3?s=jXxRUIJ%2FyEB7RfG1s%2FG28h2LO%2FV8B2NaHyaydYE5GcPhSGsGuzd7Wziqmi0pAhIXlxHhMAZbghpDNEcFzEvVIPM0ie1er3C9eXyP2OX%2BRmaBAmNhqWZRhSCyhw%3D%3D"}],"group":"cf-nel","max_age":604800}
1 < Server: cloudflare
1 < Transfer-Encoding: chunked
1 < Vary: Accept-Encoding
1 < Via: 1.1 vegur
1 < X-Powered-By: Express
{"data":{"id":2,"email":"janet.weaver@reqres.in","first_name":"Janet","last_name":"Weaver","avatar":"https://reqres.in/img/faces/2-image.jpg"},"support":{"url":"https://reqres.in/#support-heading","text":"To keep ReqRes free, contributions towards server costs are appreciated!"}}



